# JRE version: OpenJDK Runtime Environment (11.0.13) (build 11.0.13+0-b1751.21-8125866)
# Java VM: OpenJDK 64-Bit Server VM (11.0.13+0-b1751.21-8125866, mixed mode, tiered, compressed oops, g1 gc, windows-amd64)
Heap:
 garbage-first heap   total 231424K, used 139814K [0x0000000080000000, 0x0000000100000000)
  region size 1024K, 4 young (4096K), 4 survivors (4096K)
 Metaspace       used 107629K, capacity 110875K, committed 111056K, reserved 612352K
  class space    used 13962K, capacity 15198K, committed 15232K, reserved 516096K
GC Heap History (20 events):
Event: 74.731 GC heap after
{Heap after GC invocations=84 (full 0):
 garbage-first heap   total 159744K, used 119465K [0x0000000080000000, 0x0000000100000000)
  region size 1024K, 2 young (2048K), 2 survivors (2048K)
 Metaspace       used 97751K, capacity 100706K, committed 100816K, reserved 604160K
  class space    used 12731K, capacity 13860K, committed 13952K, reserved 516096K
}
Event: 75.539 GC heap before
{Heap before GC invocations=85 (full 0):
 garbage-first heap   total 159744K, used 136873K [0x0000000080000000, 0x0000000100000000)
  region size 1024K, 19 young (19456K), 2 survivors (2048K)
 Metaspace       used 98416K, capacity 101473K, committed 101712K, reserved 604160K
  class space    used 12817K, capacity 13983K, committed 14080K, reserved 516096K
}
Event: 75.555 GC heap after
{Heap after GC invocations=86 (full 0):
 garbage-first heap   total 159744K, used 122657K [0x0000000080000000, 0x0000000100000000)
  region size 1024K, 3 young (3072K), 3 survivors (3072K)
 Metaspace       used 98416K, capacity 101473K, committed 101712K, reserved 604160K
  class space    used 12817K, capacity 13983K, committed 14080K, reserved 516096K
}
Event: 75.948 GC heap before
{Heap before GC invocations=86 (full 0):
 garbage-first heap   total 159744K, used 136993K [0x0000000080000000, 0x0000000100000000)
  region size 1024K, 17 young (17408K), 3 survivors (3072K)
 Metaspace       used 99490K, capacity 102487K, committed 102608K, reserved 606208K
  class space    used 12965K, capacity 14122K, committed 14208K, reserved 516096K
}
Event: 75.959 GC heap after
{Heap after GC invocations=87 (full 0):
 garbage-first heap   total 159744K, used 123847K [0x0000000080000000, 0x0000000100000000)
  region size 1024K, 2 young (2048K), 2 survivors (2048K)
 Metaspace       used 99490K, capacity 102487K, committed 102608K, reserved 606208K
  class space    used 12965K, capacity 14122K, committed 14208K, reserved 516096K
}
Event: 76.444 GC heap before
{Heap before GC invocations=87 (full 0):
 garbage-first heap   total 159744K, used 137159K [0x0000000080000000, 0x0000000100000000)
  region size 1024K, 15 young (15360K), 2 survivors (2048K)
 Metaspace       used 100884K, capacity 103837K, committed 104144K, reserved 606208K
  class space    used 13191K, capacity 14379K, committed 14464K, reserved 516096K
}
Event: 76.452 GC heap after
{Heap after GC invocations=88 (full 0):
 garbage-first heap   total 159744K, used 123912K [0x0000000080000000, 0x0000000100000000)
  region size 1024K, 2 young (2048K), 2 survivors (2048K)
 Metaspace       used 100884K, capacity 103837K, committed 104144K, reserved 606208K
  class space    used 13191K, capacity 14379K, committed 14464K, reserved 516096K
}
Event: 77.060 GC heap before
{Heap before GC invocations=89 (full 0):
 garbage-first heap   total 159744K, used 137224K [0x0000000080000000, 0x0000000100000000)
  region size 1024K, 15 young (15360K), 2 survivors (2048K)
 Metaspace       used 103025K, capacity 106038K, committed 106192K, reserved 608256K
  class space    used 13453K, capacity 14654K, committed 14720K, reserved 516096K
}
Event: 77.066 GC heap after
{Heap after GC invocations=90 (full 0):
 garbage-first heap   total 159744K, used 124979K [0x0000000080000000, 0x0000000100000000)
  region size 1024K, 2 young (2048K), 2 survivors (2048K)
 Metaspace       used 103025K, capacity 106038K, committed 106192K, reserved 608256K
  class space    used 13453K, capacity 14654K, committed 14720K, reserved 516096K
}
Event: 77.376 GC heap before
{Heap before GC invocations=90 (full 0):
 garbage-first heap   total 159744K, used 138291K [0x0000000080000000, 0x0000000100000000)
  region size 1024K, 15 young (15360K), 2 survivors (2048K)
 Metaspace       used 103841K, capacity 106930K, committed 107088K, reserved 610304K
  class space    used 13547K, capacity 14757K, committed 14848K, reserved 516096K
}
Event: 77.384 GC heap after
{Heap after GC invocations=91 (full 0):
 garbage-first heap   total 192512K, used 125914K [0x0000000080000000, 0x0000000100000000)
  region size 1024K, 2 young (2048K), 2 survivors (2048K)
 Metaspace       used 103841K, capacity 106930K, committed 107088K, reserved 610304K
  class space    used 13547K, capacity 14757K, committed 14848K, reserved 516096K
}
Event: 78.691 GC heap before
{Heap before GC invocations=92 (full 0):
 garbage-first heap   total 192512K, used 152538K [0x0000000080000000, 0x0000000100000000)
  region size 1024K, 28 young (28672K), 2 survivors (2048K)
 Metaspace       used 105115K, capacity 108247K, committed 108496K, reserved 610304K
  class space    used 13700K, capacity 14918K, committed 14976K, reserved 516096K
}
Event: 78.708 GC heap after
{Heap after GC invocations=93 (full 0):
 garbage-first heap   total 192512K, used 129740K [0x0000000080000000, 0x0000000100000000)
  region size 1024K, 4 young (4096K), 4 survivors (4096K)
 Metaspace       used 105115K, capacity 108247K, committed 108496K, reserved 610304K
  class space    used 13700K, capacity 14918K, committed 14976K, reserved 516096K
}
Event: 79.651 GC heap before
{Heap before GC invocations=93 (full 0):
 garbage-first heap   total 192512K, used 154316K [0x0000000080000000, 0x0000000100000000)
  region size 1024K, 29 young (29696K), 4 survivors (4096K)
 Metaspace       used 105616K, capacity 108848K, committed 109008K, reserved 610304K
  class space    used 13748K, capacity 14963K, committed 14976K, reserved 516096K
}
Event: 79.681 GC heap after
{Heap after GC invocations=94 (full 0):
 garbage-first heap   total 192512K, used 133379K [0x0000000080000000, 0x0000000100000000)
  region size 1024K, 4 young (4096K), 4 survivors (4096K)
 Metaspace       used 105616K, capacity 108848K, committed 109008K, reserved 610304K
  class space    used 13748K, capacity 14963K, committed 14976K, reserved 516096K
}
Event: 80.575 GC heap before
{Heap before GC invocations=95 (full 0):
 garbage-first heap   total 192512K, used 156931K [0x0000000080000000, 0x0000000100000000)
  region size 1024K, 28 young (28672K), 4 survivors (4096K)
 Metaspace       used 105914K, capacity 109050K, committed 109264K, reserved 612352K
  class space    used 13772K, capacity 14964K, committed 14976K, reserved 516096K
}
Event: 80.593 GC heap after
{Heap after GC invocations=96 (full 0):
 garbage-first heap   total 192512K, used 136006K [0x0000000080000000, 0x0000000100000000)
  region size 1024K, 4 young (4096K), 4 survivors (4096K)
 Metaspace       used 105914K, capacity 109050K, committed 109264K, reserved 612352K
  class space    used 13772K, capacity 14964K, committed 14976K, reserved 516096K
}
Event: 81.056 GC heap before
{Heap before GC invocations=96 (full 0):
 garbage-first heap   total 192512K, used 159558K [0x0000000080000000, 0x0000000100000000)
  region size 1024K, 27 young (27648K), 4 survivors (4096K)
 Metaspace       used 107089K, capacity 110299K, committed 110416K, reserved 612352K
  class space    used 13889K, capacity 15097K, committed 15104K, reserved 516096K
}
Event: 81.067 GC heap after
{Heap after GC invocations=97 (full 0):
 garbage-first heap   total 192512K, used 137783K [0x0000000080000000, 0x0000000100000000)
  region size 1024K, 3 young (3072K), 3 survivors (3072K)
 Metaspace       used 107089K, capacity 110299K, committed 110416K, reserved 612352K
  class space    used 13889K, capacity 15097K, committed 15104K, reserved 516096K
}
Event: 81.649 GC heap before
{Heap before GC invocations=97 (full 0):
 garbage-first heap   total 192512K, used 161335K [0x0000000080000000, 0x0000000100000000)
  region size 1024K, 26 young (26624K), 3 survivors (3072K)
 Metaspace       used 107629K, capacity 110875K, committed 111056K, reserved 612352K
  class space    used 13962K, capacity 15198K, committed 15232K, reserved 516096K
}

