# JRE version: OpenJDK Runtime Environment (11.0.13) (build 11.0.13+0-b1751.21-8125866)
# Java VM: OpenJDK 64-Bit Server VM (11.0.13+0-b1751.21-8125866, mixed mode, tiered, compressed oops, g1 gc, windows-amd64)
Heap:
 garbage-first heap   total 63488K, used 50897K [0x00000000c2200000, 0x0000000100000000)
  region size 1024K, 8 young (8192K), 2 survivors (2048K)
 Metaspace       used 60559K, capacity 61355K, committed 61648K, reserved 1103872K
  class space    used 7010K, capacity 7326K, committed 7420K, reserved 1048576K
GC Heap History (20 events):
Event: 38.914 GC heap before
{Heap before GC invocations=10 (full 0):
 garbage-first heap   total 63488K, used 44518K [0x00000000c2200000, 0x0000000100000000)
  region size 1024K, 21 young (21504K), 2 survivors (2048K)
 Metaspace       used 48386K, capacity 48944K, committed 49232K, reserved 1093632K
  class space    used 5655K, capacity 5863K, committed 6012K, reserved 1048576K
}
Event: 38.926 GC heap after
{Heap after GC invocations=11 (full 0):
 garbage-first heap   total 63488K, used 27885K [0x00000000c2200000, 0x0000000100000000)
  region size 1024K, 2 young (2048K), 2 survivors (2048K)
 Metaspace       used 48386K, capacity 48944K, committed 49232K, reserved 1093632K
  class space    used 5655K, capacity 5863K, committed 6012K, reserved 1048576K
}
Event: 42.305 GC heap before
{Heap before GC invocations=11 (full 0):
 garbage-first heap   total 63488K, used 47341K [0x00000000c2200000, 0x0000000100000000)
  region size 1024K, 20 young (20480K), 2 survivors (2048K)
 Metaspace       used 53298K, capacity 53935K, committed 54224K, reserved 1097728K
  class space    used 6336K, capacity 6613K, committed 6652K, reserved 1048576K
}
Event: 42.319 GC heap after
{Heap after GC invocations=12 (full 0):
 garbage-first heap   total 63488K, used 29587K [0x00000000c2200000, 0x0000000100000000)
  region size 1024K, 2 young (2048K), 2 survivors (2048K)
 Metaspace       used 53298K, capacity 53935K, committed 54224K, reserved 1097728K
  class space    used 6336K, capacity 6613K, committed 6652K, reserved 1048576K
}
Event: 43.282 GC heap before
{Heap before GC invocations=12 (full 0):
 garbage-first heap   total 63488K, used 46995K [0x00000000c2200000, 0x0000000100000000)
  region size 1024K, 19 young (19456K), 2 survivors (2048K)
 Metaspace       used 53372K, capacity 54063K, committed 54224K, reserved 1097728K
  class space    used 6336K, capacity 6613K, committed 6652K, reserved 1048576K
}
Event: 43.293 GC heap after
{Heap after GC invocations=13 (full 0):
 garbage-first heap   total 63488K, used 30729K [0x00000000c2200000, 0x0000000100000000)
  region size 1024K, 2 young (2048K), 2 survivors (2048K)
 Metaspace       used 53372K, capacity 54063K, committed 54224K, reserved 1097728K
  class space    used 6336K, capacity 6613K, committed 6652K, reserved 1048576K
}
Event: 48.565 GC heap before
{Heap before GC invocations=14 (full 0):
 garbage-first heap   total 63488K, used 48137K [0x00000000c2200000, 0x0000000100000000)
  region size 1024K, 19 young (19456K), 2 survivors (2048K)
 Metaspace       used 55277K, capacity 56003K, committed 56272K, reserved 1099776K
  class space    used 6563K, capacity 6874K, committed 6908K, reserved 1048576K
}
Event: 48.584 GC heap after
{Heap after GC invocations=15 (full 0):
 garbage-first heap   total 63488K, used 33052K [0x00000000c2200000, 0x0000000100000000)
  region size 1024K, 3 young (3072K), 3 survivors (3072K)
 Metaspace       used 55277K, capacity 56003K, committed 56272K, reserved 1099776K
  class space    used 6563K, capacity 6874K, committed 6908K, reserved 1048576K
}
Event: 50.974 GC heap before
{Heap before GC invocations=15 (full 0):
 garbage-first heap   total 63488K, used 48412K [0x00000000c2200000, 0x0000000100000000)
  region size 1024K, 19 young (19456K), 3 survivors (3072K)
 Metaspace       used 57086K, capacity 57820K, committed 58064K, reserved 1099776K
  class space    used 6754K, capacity 7075K, committed 7164K, reserved 1048576K
}
Event: 50.992 GC heap after
{Heap after GC invocations=16 (full 0):
 garbage-first heap   total 63488K, used 34684K [0x00000000c2200000, 0x0000000100000000)
  region size 1024K, 2 young (2048K), 2 survivors (2048K)
 Metaspace       used 57086K, capacity 57820K, committed 58064K, reserved 1099776K
  class space    used 6754K, capacity 7075K, committed 7164K, reserved 1048576K
}
Event: 58.083 GC heap before
{Heap before GC invocations=17 (full 0):
 garbage-first heap   total 63488K, used 49020K [0x00000000c2200000, 0x0000000100000000)
  region size 1024K, 17 young (17408K), 2 survivors (2048K)
 Metaspace       used 59246K, capacity 60028K, committed 60368K, reserved 1101824K
  class space    used 6959K, capacity 7289K, committed 7420K, reserved 1048576K
}
Event: 58.101 GC heap after
{Heap after GC invocations=18 (full 0):
 garbage-first heap   total 63488K, used 37351K [0x00000000c2200000, 0x0000000100000000)
  region size 1024K, 3 young (3072K), 3 survivors (3072K)
 Metaspace       used 59246K, capacity 60028K, committed 60368K, reserved 1101824K
  class space    used 6959K, capacity 7289K, committed 7420K, reserved 1048576K
}
Event: 61.884 GC heap before
{Heap before GC invocations=18 (full 0):
 garbage-first heap   total 63488K, used 50663K [0x00000000c2200000, 0x0000000100000000)
  region size 1024K, 16 young (16384K), 3 survivors (3072K)
 Metaspace       used 59990K, capacity 60738K, committed 60880K, reserved 1103872K
  class space    used 6978K, capacity 7291K, committed 7420K, reserved 1048576K
}
Event: 61.906 GC heap after
{Heap after GC invocations=19 (full 0):
 garbage-first heap   total 63488K, used 39891K [0x00000000c2200000, 0x0000000100000000)
  region size 1024K, 2 young (2048K), 2 survivors (2048K)
 Metaspace       used 59990K, capacity 60738K, committed 60880K, reserved 1103872K
  class space    used 6978K, capacity 7291K, committed 7420K, reserved 1048576K
}
Event: 65.333 GC heap before
{Heap before GC invocations=20 (full 0):
 garbage-first heap   total 63488K, used 51155K [0x00000000c2200000, 0x0000000100000000)
  region size 1024K, 13 young (13312K), 2 survivors (2048K)
 Metaspace       used 60097K, capacity 60867K, committed 61136K, reserved 1103872K
  class space    used 6979K, capacity 7291K, committed 7420K, reserved 1048576K
}
Event: 65.352 GC heap after
{Heap after GC invocations=21 (full 0):
 garbage-first heap   total 63488K, used 42267K [0x00000000c2200000, 0x0000000100000000)
  region size 1024K, 2 young (2048K), 2 survivors (2048K)
 Metaspace       used 60097K, capacity 60867K, committed 61136K, reserved 1103872K
  class space    used 6979K, capacity 7291K, committed 7420K, reserved 1048576K
}
Event: 69.455 GC heap before
{Heap before GC invocations=21 (full 0):
 garbage-first heap   total 63488K, used 51483K [0x00000000c2200000, 0x0000000100000000)
  region size 1024K, 11 young (11264K), 2 survivors (2048K)
 Metaspace       used 60213K, capacity 60931K, committed 61136K, reserved 1103872K
  class space    used 6979K, capacity 7291K, committed 7420K, reserved 1048576K
}
Event: 69.472 GC heap after
{Heap after GC invocations=22 (full 0):
 garbage-first heap   total 63488K, used 44250K [0x00000000c2200000, 0x0000000100000000)
  region size 1024K, 2 young (2048K), 2 survivors (2048K)
 Metaspace       used 60213K, capacity 60931K, committed 61136K, reserved 1103872K
  class space    used 6979K, capacity 7291K, committed 7420K, reserved 1048576K
}
Event: 72.087 GC heap before
{Heap before GC invocations=23 (full 0):
 garbage-first heap   total 63488K, used 51418K [0x00000000c2200000, 0x0000000100000000)
  region size 1024K, 9 young (9216K), 2 survivors (2048K)
 Metaspace       used 60506K, capacity 61291K, committed 61392K, reserved 1103872K
  class space    used 7007K, capacity 7326K, committed 7420K, reserved 1048576K
}
Event: 72.104 GC heap after
{Heap after GC invocations=24 (full 0):
 garbage-first heap   total 63488K, used 45777K [0x00000000c2200000, 0x0000000100000000)
  region size 1024K, 2 young (2048K), 2 survivors (2048K)
 Metaspace       used 60506K, capacity 61291K, committed 61392K, reserved 1103872K
  class space    used 7007K, capacity 7326K, committed 7420K, reserved 1048576K
}

