# JRE version: OpenJDK Runtime Environment (11.0.13) (build 11.0.13+0-b1751.21-8125866)
# Java VM: OpenJDK 64-Bit Server VM (11.0.13+0-b1751.21-8125866, mixed mode, tiered, compressed oops, g1 gc, windows-amd64)
Heap:
 garbage-first heap   total 324608K, used 196676K [0x0000000080000000, 0x0000000100000000)
  region size 1024K, 5 young (5120K), 5 survivors (5120K)
 Metaspace       used 149186K, capacity 153950K, committed 154064K, reserved 671744K
  class space    used 18524K, capacity 20272K, committed 20352K, reserved 516096K
GC Heap History (20 events):
Event: 305.789 GC heap before
{Heap before GC invocations=127 (full 0):
 garbage-first heap   total 324608K, used 268990K [0x0000000080000000, 0x0000000100000000)
  region size 1024K, 64 young (65536K), 8 survivors (8192K)
 Metaspace       used 144812K, capacity 149262K, committed 149584K, reserved 647168K
  class space    used 17992K, capacity 19632K, committed 19712K, reserved 516096K
}
Event: 305.857 GC heap after
{Heap after GC invocations=128 (full 0):
 garbage-first heap   total 324608K, used 219269K [0x0000000080000000, 0x0000000100000000)
  region size 1024K, 8 young (8192K), 8 survivors (8192K)
 Metaspace       used 144812K, capacity 149262K, committed 149584K, reserved 647168K
  class space    used 17992K, capacity 19632K, committed 19712K, reserved 516096K
}
Event: 306.102 GC heap before
{Heap before GC invocations=128 (full 0):
 garbage-first heap   total 324608K, used 226437K [0x0000000080000000, 0x0000000100000000)
  region size 1024K, 15 young (15360K), 8 survivors (8192K)
 Metaspace       used 144880K, capacity 149335K, committed 149584K, reserved 647168K
  class space    used 17993K, capacity 19634K, committed 19712K, reserved 516096K
}
Event: 306.150 GC heap after
{Heap after GC invocations=129 (full 0):
 garbage-first heap   total 324608K, used 216125K [0x0000000080000000, 0x0000000100000000)
  region size 1024K, 2 young (2048K), 2 survivors (2048K)
 Metaspace       used 144880K, capacity 149335K, committed 149584K, reserved 647168K
  class space    used 17993K, capacity 19634K, committed 19712K, reserved 516096K
}
Event: 307.502 GC heap before
{Heap before GC invocations=129 (full 0):
 garbage-first heap   total 324608K, used 270397K [0x0000000080000000, 0x0000000100000000)
  region size 1024K, 55 young (56320K), 2 survivors (2048K)
 Metaspace       used 145229K, capacity 149790K, committed 149840K, reserved 647168K
  class space    used 18011K, capacity 19666K, committed 19712K, reserved 516096K
}
Event: 307.557 GC heap after
{Heap after GC invocations=130 (full 0):
 garbage-first heap   total 324608K, used 225700K [0x0000000080000000, 0x0000000100000000)
  region size 1024K, 7 young (7168K), 7 survivors (7168K)
 Metaspace       used 145229K, capacity 149790K, committed 149840K, reserved 647168K
  class space    used 18011K, capacity 19666K, committed 19712K, reserved 516096K
}
Event: 309.398 GC heap before
{Heap before GC invocations=131 (full 0):
 garbage-first heap   total 324608K, used 267684K [0x0000000080000000, 0x0000000100000000)
  region size 1024K, 53 young (54272K), 7 survivors (7168K)
 Metaspace       used 145547K, capacity 150055K, committed 150224K, reserved 647168K
  class space    used 18044K, capacity 19727K, committed 19840K, reserved 516096K
}
Event: 309.433 GC heap after
{Heap after GC invocations=132 (full 0):
 garbage-first heap   total 324608K, used 225583K [0x0000000080000000, 0x0000000100000000)
  region size 1024K, 5 young (5120K), 5 survivors (5120K)
 Metaspace       used 145547K, capacity 150055K, committed 150224K, reserved 647168K
  class space    used 18044K, capacity 19727K, committed 19840K, reserved 516096K
}
Event: 310.335 GC heap before
{Heap before GC invocations=132 (full 0):
 garbage-first heap   total 324608K, used 235823K [0x0000000080000000, 0x0000000100000000)
  region size 1024K, 15 young (15360K), 5 survivors (5120K)
 Metaspace       used 145661K, capacity 150244K, committed 150480K, reserved 647168K
  class space    used 18065K, capacity 19766K, committed 19840K, reserved 516096K
}
Event: 310.381 GC heap after
{Heap after GC invocations=133 (full 0):
 garbage-first heap   total 324608K, used 199679K [0x0000000080000000, 0x0000000100000000)
  region size 1024K, 1 young (1024K), 1 survivors (1024K)
 Metaspace       used 145661K, capacity 150244K, committed 150480K, reserved 647168K
  class space    used 18065K, capacity 19766K, committed 19840K, reserved 516096K
}
Event: 311.341 GC heap before
{Heap before GC invocations=133 (full 0):
 garbage-first heap   total 324608K, used 212991K [0x0000000080000000, 0x0000000100000000)
  region size 1024K, 15 young (15360K), 1 survivors (1024K)
 Metaspace       used 145743K, capacity 150382K, committed 150480K, reserved 647168K
  class space    used 18070K, capacity 19768K, committed 19840K, reserved 516096K
}
Event: 311.388 GC heap after
{Heap after GC invocations=134 (full 0):
 garbage-first heap   total 324608K, used 190041K [0x0000000080000000, 0x0000000100000000)
  region size 1024K, 2 young (2048K), 2 survivors (2048K)
 Metaspace       used 145743K, capacity 150382K, committed 150480K, reserved 647168K
  class space    used 18070K, capacity 19768K, committed 19840K, reserved 516096K
}
Event: 312.786 GC heap before
{Heap before GC invocations=134 (full 0):
 garbage-first heap   total 324608K, used 210521K [0x0000000080000000, 0x0000000100000000)
  region size 1024K, 23 young (23552K), 2 survivors (2048K)
 Metaspace       used 145929K, capacity 150732K, committed 150992K, reserved 649216K
  class space    used 18085K, capacity 19812K, committed 19840K, reserved 516096K
}
Event: 312.800 GC heap after
{Heap after GC invocations=135 (full 0):
 garbage-first heap   total 324608K, used 191088K [0x0000000080000000, 0x0000000100000000)
  region size 1024K, 3 young (3072K), 3 survivors (3072K)
 Metaspace       used 145929K, capacity 150732K, committed 150992K, reserved 649216K
  class space    used 18085K, capacity 19812K, committed 19840K, reserved 516096K
}
Event: 316.101 GC heap before
{Heap before GC invocations=136 (full 0):
 garbage-first heap   total 324608K, used 261744K [0x0000000080000000, 0x0000000100000000)
  region size 1024K, 65 young (66560K), 3 survivors (3072K)
 Metaspace       used 146259K, capacity 150984K, committed 151120K, reserved 649216K
  class space    used 18136K, capacity 19852K, committed 19968K, reserved 516096K
}
Event: 316.128 GC heap after
{Heap after GC invocations=137 (full 0):
 garbage-first heap   total 324608K, used 195186K [0x0000000080000000, 0x0000000100000000)
  region size 1024K, 7 young (7168K), 7 survivors (7168K)
 Metaspace       used 146259K, capacity 150984K, committed 151120K, reserved 649216K
  class space    used 18136K, capacity 19852K, committed 19968K, reserved 516096K
}
Event: 316.272 GC heap before
{Heap before GC invocations=137 (full 0):
 garbage-first heap   total 324608K, used 202354K [0x0000000080000000, 0x0000000100000000)
  region size 1024K, 15 young (15360K), 7 survivors (7168K)
 Metaspace       used 146270K, capacity 150994K, committed 151120K, reserved 649216K
  class space    used 18139K, capacity 19856K, committed 19968K, reserved 516096K
}
Event: 316.310 GC heap after
{Heap after GC invocations=138 (full 0):
 garbage-first heap   total 324608K, used 193672K [0x0000000080000000, 0x0000000100000000)
  region size 1024K, 2 young (2048K), 2 survivors (2048K)
 Metaspace       used 146270K, capacity 150994K, committed 151120K, reserved 649216K
  class space    used 18139K, capacity 19856K, committed 19968K, reserved 516096K
}
Event: 317.699 GC heap before
{Heap before GC invocations=138 (full 0):
 garbage-first heap   total 324608K, used 217224K [0x0000000080000000, 0x0000000100000000)
  region size 1024K, 27 young (27648K), 2 survivors (2048K)
 Metaspace       used 149186K, capacity 153950K, committed 154064K, reserved 669696K
  class space    used 18524K, capacity 20272K, committed 20352K, reserved 516096K
}
Event: 317.721 GC heap after
{Heap after GC invocations=139 (full 0):
 garbage-first heap   total 324608K, used 196676K [0x0000000080000000, 0x0000000100000000)
  region size 1024K, 5 young (5120K), 5 survivors (5120K)
 Metaspace       used 149186K, capacity 153950K, committed 154064K, reserved 669696K
  class space    used 18524K, capacity 20272K, committed 20352K, reserved 516096K
}

