# JRE version: OpenJDK Runtime Environment (11.0.13) (build 11.0.13+0-b1751.21-8125866)
# Java VM: OpenJDK 64-Bit Server VM (11.0.13+0-b1751.21-8125866, mixed mode, tiered, compressed oops, g1 gc, windows-amd64)
Heap:
 garbage-first heap   total 334848K, used 245285K [0x0000000080000000, 0x0000000100000000)
  region size 1024K, 60 young (61440K), 7 survivors (7168K)
 Metaspace       used 130837K, capacity 135031K, committed 135300K, reserved 634880K
  class space    used 16822K, capacity 18437K, committed 18508K, reserved 516096K
GC Heap History (20 events):
Event: 57.468 GC heap before
{Heap before GC invocations=84 (full 0):
 garbage-first heap   total 278528K, used 228955K [0x0000000080000000, 0x0000000100000000)
  region size 1024K, 63 young (64512K), 8 survivors (8192K)
 Metaspace       used 115118K, capacity 118631K, committed 118916K, reserved 620544K
  class space    used 14780K, capacity 16114K, committed 16204K, reserved 516096K
}
Event: 57.496 GC heap after
{Heap after GC invocations=85 (full 0):
 garbage-first heap   total 278528K, used 169901K [0x0000000080000000, 0x0000000100000000)
  region size 1024K, 8 young (8192K), 8 survivors (8192K)
 Metaspace       used 115118K, capacity 118631K, committed 118916K, reserved 620544K
  class space    used 14780K, capacity 16114K, committed 16204K, reserved 516096K
}
Event: 58.539 GC heap before
{Heap before GC invocations=86 (full 0):
 garbage-first heap   total 278528K, used 203693K [0x0000000080000000, 0x0000000100000000)
  region size 1024K, 41 young (41984K), 8 survivors (8192K)
 Metaspace       used 116244K, capacity 119857K, committed 120068K, reserved 620544K
  class space    used 14946K, capacity 16264K, committed 16332K, reserved 516096K
}
Event: 58.570 GC heap after
{Heap after GC invocations=87 (full 0):
 garbage-first heap   total 334848K, used 176787K [0x0000000080000000, 0x0000000100000000)
  region size 1024K, 8 young (8192K), 8 survivors (8192K)
 Metaspace       used 116244K, capacity 119857K, committed 120068K, reserved 620544K
  class space    used 14946K, capacity 16264K, committed 16332K, reserved 516096K
}
Event: 63.386 GC heap before
{Heap before GC invocations=88 (full 0):
 garbage-first heap   total 334848K, used 261779K [0x0000000080000000, 0x0000000100000000)
  region size 1024K, 87 young (89088K), 8 survivors (8192K)
 Metaspace       used 123940K, capacity 127810K, committed 127876K, reserved 626688K
  class space    used 15980K, capacity 17451K, committed 17484K, reserved 516096K
}
Event: 63.434 GC heap after
{Heap after GC invocations=89 (full 0):
 garbage-first heap   total 334848K, used 185344K [0x0000000080000000, 0x0000000100000000)
  region size 1024K, 11 young (11264K), 11 survivors (11264K)
 Metaspace       used 123940K, capacity 127810K, committed 127876K, reserved 626688K
  class space    used 15980K, capacity 17451K, committed 17484K, reserved 516096K
}
Event: 67.473 GC heap before
{Heap before GC invocations=89 (full 0):
 garbage-first heap   total 334848K, used 269312K [0x0000000080000000, 0x0000000100000000)
  region size 1024K, 93 young (95232K), 11 survivors (11264K)
 Metaspace       used 128314K, capacity 132325K, committed 132612K, reserved 630784K
  class space    used 16547K, capacity 18070K, committed 18124K, reserved 516096K
}
Event: 67.540 GC heap after
{Heap after GC invocations=90 (full 0):
 garbage-first heap   total 334848K, used 188585K [0x0000000080000000, 0x0000000100000000)
  region size 1024K, 4 young (4096K), 4 survivors (4096K)
 Metaspace       used 128314K, capacity 132325K, committed 132612K, reserved 630784K
  class space    used 16547K, capacity 18070K, committed 18124K, reserved 516096K
}
Event: 70.529 GC heap before
{Heap before GC invocations=91 (full 0):
 garbage-first heap   total 334848K, used 273577K [0x0000000080000000, 0x0000000100000000)
  region size 1024K, 87 young (89088K), 4 survivors (4096K)
 Metaspace       used 129405K, capacity 133399K, committed 133508K, reserved 632832K
  class space    used 16658K, capacity 18186K, committed 18252K, reserved 516096K
}
Event: 70.546 GC heap after
{Heap after GC invocations=92 (full 0):
 garbage-first heap   total 334848K, used 189349K [0x0000000080000000, 0x0000000100000000)
  region size 1024K, 5 young (5120K), 5 survivors (5120K)
 Metaspace       used 129405K, capacity 133399K, committed 133508K, reserved 632832K
  class space    used 16658K, capacity 18186K, committed 18252K, reserved 516096K
}
Event: 73.190 GC heap before
{Heap before GC invocations=92 (full 0):
 garbage-first heap   total 334848K, used 276389K [0x0000000080000000, 0x0000000100000000)
  region size 1024K, 90 young (92160K), 5 survivors (5120K)
 Metaspace       used 129692K, capacity 133735K, committed 134020K, reserved 632832K
  class space    used 16677K, capacity 18209K, committed 18252K, reserved 516096K
}
Event: 73.202 GC heap after
{Heap after GC invocations=93 (full 0):
 garbage-first heap   total 334848K, used 189893K [0x0000000080000000, 0x0000000100000000)
  region size 1024K, 5 young (5120K), 5 survivors (5120K)
 Metaspace       used 129692K, capacity 133735K, committed 134020K, reserved 632832K
  class space    used 16677K, capacity 18209K, committed 18252K, reserved 516096K
}
Event: 74.884 GC heap before
{Heap before GC invocations=94 (full 0):
 garbage-first heap   total 334848K, used 282053K [0x0000000080000000, 0x0000000100000000)
  region size 1024K, 95 young (97280K), 5 survivors (5120K)
 Metaspace       used 129817K, capacity 133831K, committed 134020K, reserved 632832K
  class space    used 16679K, capacity 18213K, committed 18252K, reserved 516096K
}
Event: 74.909 GC heap after
{Heap after GC invocations=95 (full 0):
 garbage-first heap   total 334848K, used 190776K [0x0000000080000000, 0x0000000100000000)
  region size 1024K, 6 young (6144K), 6 survivors (6144K)
 Metaspace       used 129817K, capacity 133831K, committed 134020K, reserved 632832K
  class space    used 16679K, capacity 18213K, committed 18252K, reserved 516096K
}
Event: 75.438 GC heap before
{Heap before GC invocations=95 (full 0):
 garbage-first heap   total 334848K, used 282936K [0x0000000080000000, 0x0000000100000000)
  region size 1024K, 96 young (98304K), 6 survivors (6144K)
 Metaspace       used 129829K, capacity 133832K, committed 134020K, reserved 632832K
  class space    used 16679K, capacity 18213K, committed 18252K, reserved 516096K
}
Event: 75.452 GC heap after
{Heap after GC invocations=96 (full 0):
 garbage-first heap   total 334848K, used 190900K [0x0000000080000000, 0x0000000100000000)
  region size 1024K, 6 young (6144K), 6 survivors (6144K)
 Metaspace       used 129829K, capacity 133832K, committed 134020K, reserved 632832K
  class space    used 16679K, capacity 18213K, committed 18252K, reserved 516096K
}
Event: 76.790 GC heap before
{Heap before GC invocations=97 (full 0):
 garbage-first heap   total 334848K, used 284084K [0x0000000080000000, 0x0000000100000000)
  region size 1024K, 97 young (99328K), 6 survivors (6144K)
 Metaspace       used 130030K, capacity 134169K, committed 134404K, reserved 632832K
  class space    used 16708K, capacity 18281K, committed 18380K, reserved 516096K
}
Event: 76.812 GC heap after
{Heap after GC invocations=98 (full 0):
 garbage-first heap   total 334848K, used 191441K [0x0000000080000000, 0x0000000100000000)
  region size 1024K, 7 young (7168K), 7 survivors (7168K)
 Metaspace       used 130030K, capacity 134169K, committed 134404K, reserved 632832K
  class space    used 16708K, capacity 18281K, committed 18380K, reserved 516096K
}
Event: 78.575 GC heap before
{Heap before GC invocations=98 (full 0):
 garbage-first heap   total 334848K, used 285649K [0x0000000080000000, 0x0000000100000000)
  region size 1024K, 99 young (101376K), 7 survivors (7168K)
 Metaspace       used 130117K, capacity 134272K, committed 134404K, reserved 632832K
  class space    used 16717K, capacity 18314K, committed 18380K, reserved 516096K
}
Event: 78.593 GC heap after
{Heap after GC invocations=99 (full 0):
 garbage-first heap   total 334848K, used 192037K [0x0000000080000000, 0x0000000100000000)
  region size 1024K, 7 young (7168K), 7 survivors (7168K)
 Metaspace       used 130117K, capacity 134272K, committed 134404K, reserved 632832K
  class space    used 16717K, capacity 18314K, committed 18380K, reserved 516096K
}

