# JRE version: OpenJDK Runtime Environment (11.0.13) (build 11.0.13+0-b1751.21-8125866)
# Java VM: OpenJDK 64-Bit Server VM (11.0.13+0-b1751.21-8125866, mixed mode, tiered, compressed oops, g1 gc, windows-amd64)
Heap:
 garbage-first heap   total 339968K, used 228045K [0x0000000080000000, 0x0000000100000000)
  region size 1024K, 49 young (50176K), 7 survivors (7168K)
 Metaspace       used 128034K, capacity 132102K, committed 132176K, reserved 630784K
  class space    used 16569K, capacity 18129K, committed 18176K, reserved 516096K
GC Heap History (20 events):
Event: 63.236 GC heap before
{Heap before GC invocations=87 (full 0):
 garbage-first heap   total 235520K, used 189570K [0x0000000080000000, 0x0000000100000000)
  region size 1024K, 33 young (33792K), 4 survivors (4096K)
 Metaspace       used 110794K, capacity 114192K, committed 114512K, reserved 616448K
  class space    used 14214K, capacity 15493K, committed 15616K, reserved 516096K
}
Event: 63.251 GC heap after
{Heap after GC invocations=88 (full 0):
 garbage-first heap   total 235520K, used 155165K [0x0000000080000000, 0x0000000100000000)
  region size 1024K, 4 young (4096K), 4 survivors (4096K)
 Metaspace       used 110794K, capacity 114192K, committed 114512K, reserved 616448K
  class space    used 14214K, capacity 15493K, committed 15616K, reserved 516096K
}
Event: 63.683 GC heap before
{Heap before GC invocations=89 (full 0):
 garbage-first heap   total 235520K, used 193053K [0x0000000080000000, 0x0000000100000000)
  region size 1024K, 34 young (34816K), 4 survivors (4096K)
 Metaspace       used 110867K, capacity 114274K, committed 114512K, reserved 616448K
  class space    used 14215K, capacity 15494K, committed 15616K, reserved 516096K
}
Event: 63.698 GC heap after
{Heap after GC invocations=90 (full 0):
 garbage-first heap   total 235520K, used 157788K [0x0000000080000000, 0x0000000100000000)
  region size 1024K, 5 young (5120K), 5 survivors (5120K)
 Metaspace       used 110867K, capacity 114274K, committed 114512K, reserved 616448K
  class space    used 14215K, capacity 15494K, committed 15616K, reserved 516096K
}
Event: 63.873 GC heap before
{Heap before GC invocations=90 (full 0):
 garbage-first heap   total 235520K, used 172124K [0x0000000080000000, 0x0000000100000000)
  region size 1024K, 21 young (21504K), 5 survivors (5120K)
 Metaspace       used 110948K, capacity 114342K, committed 114512K, reserved 616448K
  class space    used 14227K, capacity 15507K, committed 15616K, reserved 516096K
}
Event: 63.885 GC heap after
{Heap after GC invocations=91 (full 0):
 garbage-first heap   total 235520K, used 159166K [0x0000000080000000, 0x0000000100000000)
  region size 1024K, 2 young (2048K), 2 survivors (2048K)
 Metaspace       used 110948K, capacity 114342K, committed 114512K, reserved 616448K
  class space    used 14227K, capacity 15507K, committed 15616K, reserved 516096K
}
Event: 64.600 GC heap before
{Heap before GC invocations=91 (full 0):
 garbage-first heap   total 235520K, used 190910K [0x0000000080000000, 0x0000000100000000)
  region size 1024K, 30 young (30720K), 2 survivors (2048K)
 Metaspace       used 111504K, capacity 114836K, committed 115024K, reserved 616448K
  class space    used 14290K, capacity 15542K, committed 15616K, reserved 516096K
}
Event: 64.611 GC heap after
{Heap after GC invocations=92 (full 0):
 garbage-first heap   total 235520K, used 161454K [0x0000000080000000, 0x0000000100000000)
  region size 1024K, 4 young (4096K), 4 survivors (4096K)
 Metaspace       used 111504K, capacity 114836K, committed 115024K, reserved 616448K
  class space    used 14290K, capacity 15542K, committed 15616K, reserved 516096K
}
Event: 65.292 GC heap before
{Heap before GC invocations=93 (full 0):
 garbage-first heap   total 235520K, used 189102K [0x0000000080000000, 0x0000000100000000)
  region size 1024K, 32 young (32768K), 4 survivors (4096K)
 Metaspace       used 113091K, capacity 116508K, committed 116816K, reserved 618496K
  class space    used 14505K, capacity 15776K, committed 15872K, reserved 516096K
}
Event: 65.306 GC heap after
{Heap after GC invocations=94 (full 0):
 garbage-first heap   total 282624K, used 163726K [0x0000000080000000, 0x0000000100000000)
  region size 1024K, 3 young (3072K), 3 survivors (3072K)
 Metaspace       used 113091K, capacity 116508K, committed 116816K, reserved 618496K
  class space    used 14505K, capacity 15776K, committed 15872K, reserved 516096K
}
Event: 66.709 GC heap before
{Heap before GC invocations=94 (full 0):
 garbage-first heap   total 282624K, used 208782K [0x0000000080000000, 0x0000000100000000)
  region size 1024K, 48 young (49152K), 3 survivors (3072K)
 Metaspace       used 114674K, capacity 118164K, committed 118352K, reserved 618496K
  class space    used 14721K, capacity 16033K, committed 16128K, reserved 516096K
}
Event: 66.727 GC heap after
{Heap after GC invocations=95 (full 0):
 garbage-first heap   total 282624K, used 166691K [0x0000000080000000, 0x0000000100000000)
  region size 1024K, 6 young (6144K), 6 survivors (6144K)
 Metaspace       used 114674K, capacity 118164K, committed 118352K, reserved 618496K
  class space    used 14721K, capacity 16033K, committed 16128K, reserved 516096K
}
Event: 67.902 GC heap before
{Heap before GC invocations=96 (full 0):
 garbage-first heap   total 282624K, used 221987K [0x0000000080000000, 0x0000000100000000)
  region size 1024K, 53 young (54272K), 6 survivors (6144K)
 Metaspace       used 114767K, capacity 118243K, committed 118352K, reserved 618496K
  class space    used 14738K, capacity 16035K, committed 16128K, reserved 516096K
}
Event: 67.923 GC heap after
{Heap after GC invocations=97 (full 0):
 garbage-first heap   total 282624K, used 169505K [0x0000000080000000, 0x0000000100000000)
  region size 1024K, 7 young (7168K), 7 survivors (7168K)
 Metaspace       used 114767K, capacity 118243K, committed 118352K, reserved 618496K
  class space    used 14738K, capacity 16035K, committed 16128K, reserved 516096K
}
Event: 68.467 GC heap before
{Heap before GC invocations=97 (full 0):
 garbage-first heap   total 282624K, used 185889K [0x0000000080000000, 0x0000000100000000)
  region size 1024K, 25 young (25600K), 7 survivors (7168K)
 Metaspace       used 115007K, capacity 118601K, committed 118864K, reserved 620544K
  class space    used 14771K, capacity 16109K, committed 16128K, reserved 516096K
}
Event: 68.481 GC heap after
{Heap after GC invocations=98 (full 0):
 garbage-first heap   total 282624K, used 170703K [0x0000000080000000, 0x0000000100000000)
  region size 1024K, 4 young (4096K), 4 survivors (4096K)
 Metaspace       used 115007K, capacity 118601K, committed 118864K, reserved 620544K
  class space    used 14771K, capacity 16109K, committed 16128K, reserved 516096K
}
Event: 70.489 GC heap before
{Heap before GC invocations=99 (full 0):
 garbage-first heap   total 282624K, used 225999K [0x0000000080000000, 0x0000000100000000)
  region size 1024K, 55 young (56320K), 4 survivors (4096K)
 Metaspace       used 119716K, capacity 123388K, committed 123728K, reserved 624640K
  class space    used 15413K, capacity 16794K, committed 16896K, reserved 516096K
}
Event: 70.511 GC heap after
{Heap after GC invocations=100 (full 0):
 garbage-first heap   total 282624K, used 179200K [0x0000000080000000, 0x0000000100000000)
  region size 1024K, 7 young (7168K), 7 survivors (7168K)
 Metaspace       used 119716K, capacity 123388K, committed 123728K, reserved 624640K
  class space    used 15413K, capacity 16794K, committed 16896K, reserved 516096K
}
Event: 72.121 GC heap before
{Heap before GC invocations=100 (full 0):
 garbage-first heap   total 282624K, used 228352K [0x0000000080000000, 0x0000000100000000)
  region size 1024K, 55 young (56320K), 7 survivors (7168K)
 Metaspace       used 124141K, capacity 127985K, committed 128208K, reserved 628736K
  class space    used 16037K, capacity 17500K, committed 17536K, reserved 516096K
}
Event: 72.171 GC heap after
{Heap after GC invocations=101 (full 0):
 garbage-first heap   total 339968K, used 187085K [0x0000000080000000, 0x0000000100000000)
  region size 1024K, 7 young (7168K), 7 survivors (7168K)
 Metaspace       used 124141K, capacity 127985K, committed 128208K, reserved 628736K
  class space    used 16037K, capacity 17500K, committed 17536K, reserved 516096K
}

