# JRE version: OpenJDK Runtime Environment (11.0.13) (build 11.0.13+0-b1751.21-8125866)
# Java VM: OpenJDK 64-Bit Server VM (11.0.13+0-b1751.21-8125866, mixed mode, tiered, compressed oops, g1 gc, windows-amd64)
Heap:
 garbage-first heap   total 110592K, used 49636K [0x0000000080000000, 0x0000000100000000)
  region size 1024K, 3 young (3072K), 3 survivors (3072K)
 Metaspace       used 65884K, capacity 67810K, committed 67920K, reserved 575488K
  class space    used 8616K, capacity 9380K, committed 9472K, reserved 516096K
GC Heap History (20 events):
Event: 40.308 GC heap after
{Heap after GC invocations=41 (full 0):
 garbage-first heap   total 63488K, used 43059K [0x0000000080000000, 0x0000000100000000)
  region size 1024K, 1 young (1024K), 1 survivors (1024K)
 Metaspace       used 55093K, capacity 56689K, committed 56784K, reserved 565248K
  class space    used 7141K, capacity 7782K, committed 7808K, reserved 516096K
}
Event: 40.597 GC heap before
{Heap before GC invocations=41 (full 0):
 garbage-first heap   total 63488K, used 51251K [0x0000000080000000, 0x0000000100000000)
  region size 1024K, 9 young (9216K), 1 survivors (1024K)
 Metaspace       used 55780K, capacity 57392K, committed 57424K, reserved 567296K
  class space    used 7251K, capacity 7911K, committed 7936K, reserved 516096K
}
Event: 40.601 GC heap after
{Heap after GC invocations=42 (full 0):
 garbage-first heap   total 63488K, used 43316K [0x0000000080000000, 0x0000000100000000)
  region size 1024K, 1 young (1024K), 1 survivors (1024K)
 Metaspace       used 55780K, capacity 57392K, committed 57424K, reserved 567296K
  class space    used 7251K, capacity 7911K, committed 7936K, reserved 516096K
}
Event: 40.973 GC heap before
{Heap before GC invocations=43 (full 0):
 garbage-first heap   total 63488K, used 51508K [0x0000000080000000, 0x0000000100000000)
  region size 1024K, 9 young (9216K), 1 survivors (1024K)
 Metaspace       used 56455K, capacity 58116K, committed 58320K, reserved 567296K
  class space    used 7348K, capacity 8043K, committed 8064K, reserved 516096K
}
Event: 40.978 GC heap after
{Heap after GC invocations=44 (full 0):
 garbage-first heap   total 76800K, used 43630K [0x0000000080000000, 0x0000000100000000)
  region size 1024K, 2 young (2048K), 2 survivors (2048K)
 Metaspace       used 56455K, capacity 58116K, committed 58320K, reserved 567296K
  class space    used 7348K, capacity 8043K, committed 8064K, reserved 516096K
}
Event: 41.425 GC heap before
{Heap before GC invocations=44 (full 0):
 garbage-first heap   total 76800K, used 55918K [0x0000000080000000, 0x0000000100000000)
  region size 1024K, 14 young (14336K), 2 survivors (2048K)
 Metaspace       used 57545K, capacity 59190K, committed 59216K, reserved 567296K
  class space    used 7493K, capacity 8168K, committed 8192K, reserved 516096K
}
Event: 41.432 GC heap after
{Heap after GC invocations=45 (full 0):
 garbage-first heap   total 76800K, used 44103K [0x0000000080000000, 0x0000000100000000)
  region size 1024K, 2 young (2048K), 2 survivors (2048K)
 Metaspace       used 57545K, capacity 59190K, committed 59216K, reserved 567296K
  class space    used 7493K, capacity 8168K, committed 8192K, reserved 516096K
}
Event: 41.902 GC heap before
{Heap before GC invocations=46 (full 0):
 garbage-first heap   total 76800K, used 57415K [0x0000000080000000, 0x0000000100000000)
  region size 1024K, 15 young (15360K), 2 survivors (2048K)
 Metaspace       used 58618K, capacity 60345K, committed 60496K, reserved 569344K
  class space    used 7635K, capacity 8339K, committed 8448K, reserved 516096K
}
Event: 41.909 GC heap after
{Heap after GC invocations=47 (full 0):
 garbage-first heap   total 76800K, used 44774K [0x0000000080000000, 0x0000000100000000)
  region size 1024K, 2 young (2048K), 2 survivors (2048K)
 Metaspace       used 58618K, capacity 60345K, committed 60496K, reserved 569344K
  class space    used 7635K, capacity 8339K, committed 8448K, reserved 516096K
}
Event: 42.146 GC heap before
{Heap before GC invocations=47 (full 0):
 garbage-first heap   total 76800K, used 58086K [0x0000000080000000, 0x0000000100000000)
  region size 1024K, 15 young (15360K), 2 survivors (2048K)
 Metaspace       used 59408K, capacity 61177K, committed 61392K, reserved 569344K
  class space    used 7751K, capacity 8467K, committed 8576K, reserved 516096K
}
Event: 42.152 GC heap after
{Heap after GC invocations=48 (full 0):
 garbage-first heap   total 76800K, used 44958K [0x0000000080000000, 0x0000000100000000)
  region size 1024K, 1 young (1024K), 1 survivors (1024K)
 Metaspace       used 59408K, capacity 61177K, committed 61392K, reserved 569344K
  class space    used 7751K, capacity 8467K, committed 8576K, reserved 516096K
}
Event: 42.470 GC heap before
{Heap before GC invocations=49 (full 0):
 garbage-first heap   total 76800K, used 59294K [0x0000000080000000, 0x0000000100000000)
  region size 1024K, 15 young (15360K), 1 survivors (1024K)
 Metaspace       used 60524K, capacity 62265K, committed 62544K, reserved 571392K
  class space    used 7896K, capacity 8595K, committed 8704K, reserved 516096K
}
Event: 42.475 GC heap after
{Heap after GC invocations=50 (full 0):
 garbage-first heap   total 92160K, used 45205K [0x0000000080000000, 0x0000000100000000)
  region size 1024K, 2 young (2048K), 2 survivors (2048K)
 Metaspace       used 60524K, capacity 62265K, committed 62544K, reserved 571392K
  class space    used 7896K, capacity 8595K, committed 8704K, reserved 516096K
}
Event: 42.920 GC heap before
{Heap before GC invocations=50 (full 0):
 garbage-first heap   total 92160K, used 65685K [0x0000000080000000, 0x0000000100000000)
  region size 1024K, 22 young (22528K), 2 survivors (2048K)
 Metaspace       used 62017K, capacity 63773K, committed 63952K, reserved 571392K
  class space    used 8080K, capacity 8796K, committed 8832K, reserved 516096K
}
Event: 42.925 GC heap after
{Heap after GC invocations=51 (full 0):
 garbage-first heap   total 92160K, used 45458K [0x0000000080000000, 0x0000000100000000)
  region size 1024K, 2 young (2048K), 2 survivors (2048K)
 Metaspace       used 62017K, capacity 63773K, committed 63952K, reserved 571392K
  class space    used 8080K, capacity 8796K, committed 8832K, reserved 516096K
}
Event: 44.031 GC heap before
{Heap before GC invocations=52 (full 0):
 garbage-first heap   total 92160K, used 65938K [0x0000000080000000, 0x0000000100000000)
  region size 1024K, 23 young (23552K), 2 survivors (2048K)
 Metaspace       used 63547K, capacity 65334K, committed 65488K, reserved 573440K
  class space    used 8264K, capacity 9009K, committed 9088K, reserved 516096K
}
Event: 44.038 GC heap after
{Heap after GC invocations=53 (full 0):
 garbage-first heap   total 92160K, used 46637K [0x0000000080000000, 0x0000000100000000)
  region size 1024K, 3 young (3072K), 3 survivors (3072K)
 Metaspace       used 63547K, capacity 65334K, committed 65488K, reserved 573440K
  class space    used 8264K, capacity 9009K, committed 9088K, reserved 516096K
}
Event: 44.483 GC heap before
{Heap before GC invocations=53 (full 0):
 garbage-first heap   total 92160K, used 69165K [0x0000000080000000, 0x0000000100000000)
  region size 1024K, 25 young (25600K), 3 survivors (3072K)
 Metaspace       used 64438K, capacity 66274K, committed 66384K, reserved 573440K
  class space    used 8401K, capacity 9130K, committed 9216K, reserved 516096K
}
Event: 44.496 GC heap after
{Heap after GC invocations=54 (full 0):
 garbage-first heap   total 92160K, used 48102K [0x0000000080000000, 0x0000000100000000)
  region size 1024K, 4 young (4096K), 4 survivors (4096K)
 Metaspace       used 64438K, capacity 66274K, committed 66384K, reserved 573440K
  class space    used 8401K, capacity 9130K, committed 9216K, reserved 516096K
}
Event: 45.661 GC heap before
{Heap before GC invocations=55 (full 0):
 garbage-first heap   total 92160K, used 70630K [0x0000000080000000, 0x0000000100000000)
  region size 1024K, 26 young (26624K), 4 survivors (4096K)
 Metaspace       used 65884K, capacity 67810K, committed 67920K, reserved 575488K
  class space    used 8616K, capacity 9380K, committed 9472K, reserved 516096K
}

