# JRE version: OpenJDK Runtime Environment (11.0.13) (build 11.0.13+0-b1751.21-8125866)
# Java VM: OpenJDK 64-Bit Server VM (11.0.13+0-b1751.21-8125866, mixed mode, tiered, compressed oops, g1 gc, windows-amd64)
Heap:
 garbage-first heap   total 278528K, used 210989K [0x0000000080000000, 0x0000000100000000)
  region size 1024K, 37 young (37888K), 2 survivors (2048K)
 Metaspace       used 137426K, capacity 141412K, committed 141520K, reserved 641024K
  class space    used 17078K, capacity 18515K, committed 18560K, reserved 516096K
GC Heap History (20 events):
Event: 367.056 GC heap before
{Heap before GC invocations=299 (full 0):
 garbage-first heap   total 231424K, used 214852K [0x0000000080000000, 0x0000000100000000)
  region size 1024K, 11 young (11264K), 2 survivors (2048K)
 Metaspace       used 135547K, capacity 139478K, committed 139600K, reserved 638976K
  class space    used 16922K, capacity 18342K, committed 18432K, reserved 516096K
}
Event: 367.063 GC heap after
{Heap after GC invocations=300 (full 0):
 garbage-first heap   total 231424K, used 204771K [0x0000000080000000, 0x0000000100000000)
  region size 1024K, 1 young (1024K), 1 survivors (1024K)
 Metaspace       used 135547K, capacity 139478K, committed 139600K, reserved 638976K
  class space    used 16922K, capacity 18342K, committed 18432K, reserved 516096K
}
Event: 367.837 GC heap before
{Heap before GC invocations=300 (full 0):
 garbage-first heap   total 231424K, used 213987K [0x0000000080000000, 0x0000000100000000)
  region size 1024K, 11 young (11264K), 1 survivors (1024K)
 Metaspace       used 135688K, capacity 139587K, committed 139856K, reserved 638976K
  class space    used 16928K, capacity 18376K, committed 18432K, reserved 516096K
}
Event: 367.846 GC heap after
{Heap after GC invocations=301 (full 0):
 garbage-first heap   total 231424K, used 204780K [0x0000000080000000, 0x0000000100000000)
  region size 1024K, 1 young (1024K), 1 survivors (1024K)
 Metaspace       used 135688K, capacity 139587K, committed 139856K, reserved 638976K
  class space    used 16928K, capacity 18376K, committed 18432K, reserved 516096K
}
Event: 369.343 GC heap before
{Heap before GC invocations=301 (full 0):
 garbage-first heap   total 231424K, used 213996K [0x0000000080000000, 0x0000000100000000)
  region size 1024K, 11 young (11264K), 1 survivors (1024K)
 Metaspace       used 135755K, capacity 139685K, committed 139856K, reserved 638976K
  class space    used 16934K, capacity 18383K, committed 18432K, reserved 516096K
}
Event: 369.359 GC heap after
{Heap after GC invocations=302 (full 0):
 garbage-first heap   total 231424K, used 205074K [0x0000000080000000, 0x0000000100000000)
  region size 1024K, 1 young (1024K), 1 survivors (1024K)
 Metaspace       used 135755K, capacity 139685K, committed 139856K, reserved 638976K
  class space    used 16934K, capacity 18383K, committed 18432K, reserved 516096K
}
Event: 369.398 GC heap before
{Heap before GC invocations=302 (full 0):
 garbage-first heap   total 231424K, used 208146K [0x0000000080000000, 0x0000000100000000)
  region size 1024K, 3 young (3072K), 1 survivors (1024K)
 Metaspace       used 135758K, capacity 139685K, committed 139856K, reserved 638976K
  class space    used 16934K, capacity 18383K, committed 18432K, reserved 516096K
}
Event: 369.443 GC heap after
{Heap after GC invocations=303 (full 0):
 garbage-first heap   total 231424K, used 207143K [0x0000000080000000, 0x0000000100000000)
  region size 1024K, 1 young (1024K), 1 survivors (1024K)
 Metaspace       used 135758K, capacity 139685K, committed 139856K, reserved 638976K
  class space    used 16934K, capacity 18383K, committed 18432K, reserved 516096K
}
Event: 369.751 GC heap before
{Heap before GC invocations=303 (full 0):
 garbage-first heap   total 231424K, used 218407K [0x0000000080000000, 0x0000000100000000)
  region size 1024K, 11 young (11264K), 1 survivors (1024K)
 Metaspace       used 135764K, capacity 139688K, committed 139856K, reserved 638976K
  class space    used 16934K, capacity 18383K, committed 18432K, reserved 516096K
}
Event: 369.758 GC heap after
{Heap after GC invocations=304 (full 0):
 garbage-first heap   total 231424K, used 205866K [0x0000000080000000, 0x0000000100000000)
  region size 1024K, 2 young (2048K), 2 survivors (2048K)
 Metaspace       used 135764K, capacity 139688K, committed 139856K, reserved 638976K
  class space    used 16934K, capacity 18383K, committed 18432K, reserved 516096K
}
Event: 370.128 GC heap before
{Heap before GC invocations=304 (full 0):
 garbage-first heap   total 231424K, used 218154K [0x0000000080000000, 0x0000000100000000)
  region size 1024K, 11 young (11264K), 2 survivors (2048K)
 Metaspace       used 135767K, capacity 139688K, committed 139856K, reserved 638976K
  class space    used 16934K, capacity 18383K, committed 18432K, reserved 516096K
}
Event: 370.140 GC heap after
{Heap after GC invocations=305 (full 0):
 garbage-first heap   total 231424K, used 206695K [0x0000000080000000, 0x0000000100000000)
  region size 1024K, 2 young (2048K), 2 survivors (2048K)
 Metaspace       used 135767K, capacity 139688K, committed 139856K, reserved 638976K
  class space    used 16934K, capacity 18383K, committed 18432K, reserved 516096K
}
Event: 371.554 GC heap before
{Heap before GC invocations=305 (full 0):
 garbage-first heap   total 231424K, used 214887K [0x0000000080000000, 0x0000000100000000)
  region size 1024K, 11 young (11264K), 2 survivors (2048K)
 Metaspace       used 135861K, capacity 139757K, committed 139856K, reserved 638976K
  class space    used 16935K, capacity 18383K, committed 18432K, reserved 516096K
}
Event: 371.577 GC heap after
{Heap after GC invocations=306 (full 0):
 garbage-first heap   total 231424K, used 207051K [0x0000000080000000, 0x0000000100000000)
  region size 1024K, 2 young (2048K), 2 survivors (2048K)
 Metaspace       used 135861K, capacity 139757K, committed 139856K, reserved 638976K
  class space    used 16935K, capacity 18383K, committed 18432K, reserved 516096K
}
Event: 374.646 GC heap before
{Heap before GC invocations=306 (full 0):
 garbage-first heap   total 231424K, used 207051K [0x0000000080000000, 0x0000000100000000)
  region size 1024K, 11 young (11264K), 2 survivors (2048K)
 Metaspace       used 136174K, capacity 140099K, committed 140368K, reserved 638976K
  class space    used 16960K, capacity 18408K, committed 18432K, reserved 516096K
}
Event: 374.680 GC heap after
{Heap after GC invocations=307 (full 0):
 garbage-first heap   total 278528K, used 198713K [0x0000000080000000, 0x0000000100000000)
  region size 1024K, 1 young (1024K), 1 survivors (1024K)
 Metaspace       used 136174K, capacity 140099K, committed 140368K, reserved 638976K
  class space    used 16960K, capacity 18408K, committed 18432K, reserved 516096K
}
Event: 377.570 GC heap before
{Heap before GC invocations=308 (full 0):
 garbage-first heap   total 278528K, used 227385K [0x0000000080000000, 0x0000000100000000)
  region size 1024K, 26 young (26624K), 1 survivors (1024K)
 Metaspace       used 136694K, capacity 140603K, committed 140752K, reserved 638976K
  class space    used 17019K, capacity 18445K, committed 18560K, reserved 516096K
}
Event: 377.588 GC heap after
{Heap after GC invocations=309 (full 0):
 garbage-first heap   total 278528K, used 200889K [0x0000000080000000, 0x0000000100000000)
  region size 1024K, 3 young (3072K), 3 survivors (3072K)
 Metaspace       used 136694K, capacity 140603K, committed 140752K, reserved 638976K
  class space    used 17019K, capacity 18445K, committed 18560K, reserved 516096K
}
Event: 378.195 GC heap before
{Heap before GC invocations=309 (full 0):
 garbage-first heap   total 278528K, used 211129K [0x0000000080000000, 0x0000000100000000)
  region size 1024K, 13 young (13312K), 3 survivors (3072K)
 Metaspace       used 136910K, capacity 140849K, committed 141008K, reserved 638976K
  class space    used 17029K, capacity 18480K, committed 18560K, reserved 516096K
}
Event: 378.256 GC heap after
{Heap after GC invocations=310 (full 0):
 garbage-first heap   total 278528K, used 177197K [0x0000000080000000, 0x0000000100000000)
  region size 1024K, 2 young (2048K), 2 survivors (2048K)
 Metaspace       used 136910K, capacity 140849K, committed 141008K, reserved 638976K
  class space    used 17029K, capacity 18480K, committed 18560K, reserved 516096K
}

