# JRE version: OpenJDK Runtime Environment (11.0.13) (build 11.0.13+0-b1751.21-8125866)
# Java VM: OpenJDK 64-Bit Server VM (11.0.13+0-b1751.21-8125866, mixed mode, tiered, compressed oops, g1 gc, windows-amd64)
Heap:
 garbage-first heap   total 243712K, used 181366K [0x0000000080000000, 0x0000000100000000)
  region size 1024K, 5 young (5120K), 3 survivors (3072K)
 Metaspace       used 123154K, capacity 126968K, committed 127184K, reserved 626688K
  class space    used 15841K, capacity 17268K, committed 17280K, reserved 516096K
GC Heap History (20 events):
Event: 68.292 GC heap after
{Heap after GC invocations=107 (full 0):
 garbage-first heap   total 243712K, used 159628K [0x0000000080000000, 0x0000000100000000)
  region size 1024K, 1 young (1024K), 1 survivors (1024K)
 Metaspace       used 111173K, capacity 114614K, committed 115024K, reserved 616448K
  class space    used 14235K, capacity 15508K, committed 15616K, reserved 516096K
}
Event: 68.802 GC heap before
{Heap before GC invocations=107 (full 0):
 garbage-first heap   total 243712K, used 191372K [0x0000000080000000, 0x0000000100000000)
  region size 1024K, 29 young (29696K), 1 survivors (1024K)
 Metaspace       used 111376K, capacity 114793K, committed 115024K, reserved 616448K
  class space    used 14278K, capacity 15545K, committed 15616K, reserved 516096K
}
Event: 68.811 GC heap after
{Heap after GC invocations=108 (full 0):
 garbage-first heap   total 243712K, used 160512K [0x0000000080000000, 0x0000000100000000)
  region size 1024K, 2 young (2048K), 2 survivors (2048K)
 Metaspace       used 111376K, capacity 114793K, committed 115024K, reserved 616448K
  class space    used 14278K, capacity 15545K, committed 15616K, reserved 516096K
}
Event: 70.026 GC heap before
{Heap before GC invocations=109 (full 0):
 garbage-first heap   total 243712K, used 191232K [0x0000000080000000, 0x0000000100000000)
  region size 1024K, 32 young (32768K), 2 survivors (2048K)
 Metaspace       used 112746K, capacity 116143K, committed 116176K, reserved 618496K
  class space    used 14440K, capacity 15714K, committed 15744K, reserved 516096K
}
Event: 70.035 GC heap after
{Heap after GC invocations=110 (full 0):
 garbage-first heap   total 243712K, used 163316K [0x0000000080000000, 0x0000000100000000)
  region size 1024K, 4 young (4096K), 4 survivors (4096K)
 Metaspace       used 112746K, capacity 116143K, committed 116176K, reserved 618496K
  class space    used 14440K, capacity 15714K, committed 15744K, reserved 516096K
}
Event: 70.578 GC heap before
{Heap before GC invocations=110 (full 0):
 garbage-first heap   total 243712K, used 193012K [0x0000000080000000, 0x0000000100000000)
  region size 1024K, 34 young (34816K), 4 survivors (4096K)
 Metaspace       used 114051K, capacity 117541K, committed 117712K, reserved 618496K
  class space    used 14619K, capacity 15919K, committed 16000K, reserved 516096K
}
Event: 70.591 GC heap after
{Heap after GC invocations=111 (full 0):
 garbage-first heap   total 243712K, used 166219K [0x0000000080000000, 0x0000000100000000)
  region size 1024K, 5 young (5120K), 5 survivors (5120K)
 Metaspace       used 114051K, capacity 117541K, committed 117712K, reserved 618496K
  class space    used 14619K, capacity 15919K, committed 16000K, reserved 516096K
}
Event: 71.911 GC heap before
{Heap before GC invocations=112 (full 0):
 garbage-first heap   total 243712K, used 195915K [0x0000000080000000, 0x0000000100000000)
  region size 1024K, 35 young (35840K), 5 survivors (5120K)
 Metaspace       used 115137K, capacity 118689K, committed 118864K, reserved 620544K
  class space    used 14752K, capacity 16052K, committed 16128K, reserved 516096K
}
Event: 71.925 GC heap after
{Heap after GC invocations=113 (full 0):
 garbage-first heap   total 243712K, used 168059K [0x0000000080000000, 0x0000000100000000)
  region size 1024K, 2 young (2048K), 2 survivors (2048K)
 Metaspace       used 115137K, capacity 118689K, committed 118864K, reserved 620544K
  class space    used 14752K, capacity 16052K, committed 16128K, reserved 516096K
}
Event: 71.957 GC heap before
{Heap before GC invocations=113 (full 0):
 garbage-first heap   total 243712K, used 169083K [0x0000000080000000, 0x0000000100000000)
  region size 1024K, 4 young (4096K), 2 survivors (2048K)
 Metaspace       used 115137K, capacity 118689K, committed 118864K, reserved 620544K
  class space    used 14752K, capacity 16052K, committed 16128K, reserved 516096K
}
Event: 71.962 GC heap after
{Heap after GC invocations=114 (full 0):
 garbage-first heap   total 243712K, used 167900K [0x0000000080000000, 0x0000000100000000)
  region size 1024K, 2 young (2048K), 2 survivors (2048K)
 Metaspace       used 115137K, capacity 118689K, committed 118864K, reserved 620544K
  class space    used 14752K, capacity 16052K, committed 16128K, reserved 516096K
}
Event: 72.866 GC heap before
{Heap before GC invocations=115 (full 0):
 garbage-first heap   total 243712K, used 200668K [0x0000000080000000, 0x0000000100000000)
  region size 1024K, 31 young (31744K), 2 survivors (2048K)
 Metaspace       used 115936K, capacity 119633K, committed 119760K, reserved 620544K
  class space    used 14885K, capacity 16216K, committed 16256K, reserved 516096K
}
Event: 72.876 GC heap after
{Heap after GC invocations=116 (full 0):
 garbage-first heap   total 243712K, used 169801K [0x0000000080000000, 0x0000000100000000)
  region size 1024K, 4 young (4096K), 4 survivors (4096K)
 Metaspace       used 115936K, capacity 119633K, committed 119760K, reserved 620544K
  class space    used 14885K, capacity 16216K, committed 16256K, reserved 516096K
}
Event: 72.953 GC heap before
{Heap before GC invocations=116 (full 0):
 garbage-first heap   total 243712K, used 172873K [0x0000000080000000, 0x0000000100000000)
  region size 1024K, 8 young (8192K), 4 survivors (4096K)
 Metaspace       used 115936K, capacity 119633K, committed 119760K, reserved 620544K
  class space    used 14885K, capacity 16216K, committed 16256K, reserved 516096K
}
Event: 72.961 GC heap after
{Heap after GC invocations=117 (full 0):
 garbage-first heap   total 243712K, used 170080K [0x0000000080000000, 0x0000000100000000)
  region size 1024K, 3 young (3072K), 3 survivors (3072K)
 Metaspace       used 115936K, capacity 119633K, committed 119760K, reserved 620544K
  class space    used 14885K, capacity 16216K, committed 16256K, reserved 516096K
}
Event: 73.959 GC heap before
{Heap before GC invocations=118 (full 0):
 garbage-first heap   total 243712K, used 205920K [0x0000000080000000, 0x0000000100000000)
  region size 1024K, 33 young (33792K), 3 survivors (3072K)
 Metaspace       used 116405K, capacity 120063K, committed 120144K, reserved 620544K
  class space    used 14962K, capacity 16317K, committed 16384K, reserved 516096K
}
Event: 73.971 GC heap after
{Heap after GC invocations=119 (full 0):
 garbage-first heap   total 243712K, used 174692K [0x0000000080000000, 0x0000000100000000)
  region size 1024K, 5 young (5120K), 5 survivors (5120K)
 Metaspace       used 116405K, capacity 120063K, committed 120144K, reserved 620544K
  class space    used 14962K, capacity 16317K, committed 16384K, reserved 516096K
}
Event: 76.111 GC heap before
{Heap before GC invocations=119 (full 0):
 garbage-first heap   total 243712K, used 203364K [0x0000000080000000, 0x0000000100000000)
  region size 1024K, 34 young (34816K), 5 survivors (5120K)
 Metaspace       used 120577K, capacity 124370K, committed 124624K, reserved 624640K
  class space    used 15505K, capacity 16903K, committed 17024K, reserved 516096K
}
Event: 76.132 GC heap after
{Heap after GC invocations=120 (full 0):
 garbage-first heap   total 243712K, used 178011K [0x0000000080000000, 0x0000000100000000)
  region size 1024K, 4 young (4096K), 4 survivors (4096K)
 Metaspace       used 120577K, capacity 124370K, committed 124624K, reserved 624640K
  class space    used 15505K, capacity 16903K, committed 17024K, reserved 516096K
}
Event: 78.972 GC heap before
{Heap before GC invocations=121 (full 0):
 garbage-first heap   total 243712K, used 204635K [0x0000000080000000, 0x0000000100000000)
  region size 1024K, 31 young (31744K), 4 survivors (4096K)
 Metaspace       used 123111K, capacity 126945K, committed 127184K, reserved 626688K
  class space    used 15833K, capacity 17260K, committed 17280K, reserved 516096K
}

