# JRE version: OpenJDK Runtime Environment (11.0.13) (build 11.0.13+0-b1751.21-8125866)
# Java VM: OpenJDK 64-Bit Server VM (11.0.13+0-b1751.21-8125866, mixed mode, tiered, compressed oops, g1 gc, windows-amd64)
Heap:
 garbage-first heap   total 342016K, used 238883K [0x0000000080000000, 0x0000000100000000)
  region size 1024K, 52 young (53248K), 7 survivors (7168K)
 Metaspace       used 128617K, capacity 132650K, committed 132816K, reserved 632832K
  class space    used 16497K, capacity 17986K, committed 18048K, reserved 516096K
GC Heap History (20 events):
Event: 63.776 GC heap before
{Heap before GC invocations=85 (full 0):
 garbage-first heap   total 284672K, used 201900K [0x0000000080000000, 0x0000000100000000)
  region size 1024K, 42 young (43008K), 7 survivors (7168K)
 Metaspace       used 114730K, capacity 118292K, committed 118480K, reserved 620544K
  class space    used 14703K, capacity 15991K, committed 16000K, reserved 516096K
}
Event: 63.795 GC heap after
{Heap after GC invocations=86 (full 0):
 garbage-first heap   total 284672K, used 170497K [0x0000000080000000, 0x0000000100000000)
  region size 1024K, 3 young (3072K), 3 survivors (3072K)
 Metaspace       used 114730K, capacity 118292K, committed 118480K, reserved 620544K
  class space    used 14703K, capacity 15991K, committed 16000K, reserved 516096K
}
Event: 64.752 GC heap before
{Heap before GC invocations=87 (full 0):
 garbage-first heap   total 284672K, used 223745K [0x0000000080000000, 0x0000000100000000)
  region size 1024K, 48 young (49152K), 3 survivors (3072K)
 Metaspace       used 114780K, capacity 118309K, committed 118480K, reserved 620544K
  class space    used 14705K, capacity 15993K, committed 16000K, reserved 516096K
}
Event: 64.766 GC heap after
{Heap after GC invocations=88 (full 0):
 garbage-first heap   total 284672K, used 172816K [0x0000000080000000, 0x0000000100000000)
  region size 1024K, 5 young (5120K), 5 survivors (5120K)
 Metaspace       used 114780K, capacity 118309K, committed 118480K, reserved 620544K
  class space    used 14705K, capacity 15993K, committed 16000K, reserved 516096K
}
Event: 64.973 GC heap before
{Heap before GC invocations=88 (full 0):
 garbage-first heap   total 284672K, used 185104K [0x0000000080000000, 0x0000000100000000)
  region size 1024K, 18 young (18432K), 5 survivors (5120K)
 Metaspace       used 115035K, capacity 118614K, committed 118864K, reserved 620544K
  class space    used 14738K, capacity 16069K, committed 16128K, reserved 516096K
}
Event: 64.985 GC heap after
{Heap after GC invocations=89 (full 0):
 garbage-first heap   total 284672K, used 173652K [0x0000000080000000, 0x0000000100000000)
  region size 1024K, 4 young (4096K), 4 survivors (4096K)
 Metaspace       used 115035K, capacity 118614K, committed 118864K, reserved 620544K
  class space    used 14738K, capacity 16069K, committed 16128K, reserved 516096K
}
Event: 65.907 GC heap before
{Heap before GC invocations=89 (full 0):
 garbage-first heap   total 284672K, used 225876K [0x0000000080000000, 0x0000000100000000)
  region size 1024K, 50 young (51200K), 4 survivors (4096K)
 Metaspace       used 117184K, capacity 120870K, committed 120912K, reserved 622592K
  class space    used 15025K, capacity 16352K, committed 16384K, reserved 516096K
}
Event: 65.924 GC heap after
{Heap after GC invocations=90 (full 0):
 garbage-first heap   total 284672K, used 180568K [0x0000000080000000, 0x0000000100000000)
  region size 1024K, 7 young (7168K), 7 survivors (7168K)
 Metaspace       used 117184K, capacity 120870K, committed 120912K, reserved 622592K
  class space    used 15025K, capacity 16352K, committed 16384K, reserved 516096K
}
Event: 66.990 GC heap before
{Heap before GC invocations=91 (full 0):
 garbage-first heap   total 284672K, used 225624K [0x0000000080000000, 0x0000000100000000)
  region size 1024K, 52 young (53248K), 7 survivors (7168K)
 Metaspace       used 121720K, capacity 125496K, committed 125648K, reserved 626688K
  class space    used 15602K, capacity 17003K, committed 17024K, reserved 516096K
}
Event: 67.014 GC heap after
{Heap after GC invocations=92 (full 0):
 garbage-first heap   total 284672K, used 186813K [0x0000000080000000, 0x0000000100000000)
  region size 1024K, 6 young (6144K), 6 survivors (6144K)
 Metaspace       used 121720K, capacity 125496K, committed 125648K, reserved 626688K
  class space    used 15602K, capacity 17003K, committed 17024K, reserved 516096K
}
Event: 67.934 GC heap before
{Heap before GC invocations=92 (full 0):
 garbage-first heap   total 284672K, used 230845K [0x0000000080000000, 0x0000000100000000)
  region size 1024K, 49 young (50176K), 6 survivors (6144K)
 Metaspace       used 125454K, capacity 129354K, committed 129616K, reserved 628736K
  class space    used 16157K, capacity 17599K, committed 17664K, reserved 516096K
}
Event: 67.968 GC heap after
{Heap after GC invocations=93 (full 0):
 garbage-first heap   total 342016K, used 189761K [0x0000000080000000, 0x0000000100000000)
  region size 1024K, 3 young (3072K), 3 survivors (3072K)
 Metaspace       used 125454K, capacity 129354K, committed 129616K, reserved 628736K
  class space    used 16157K, capacity 17599K, committed 17664K, reserved 516096K
}
Event: 70.035 GC heap before
{Heap before GC invocations=94 (full 0):
 garbage-first heap   total 342016K, used 254273K [0x0000000080000000, 0x0000000100000000)
  region size 1024K, 66 young (67584K), 3 survivors (3072K)
 Metaspace       used 126655K, capacity 130597K, committed 130768K, reserved 630784K
  class space    used 16282K, capacity 17769K, committed 17792K, reserved 516096K
}
Event: 70.140 GC heap after
{Heap after GC invocations=95 (full 0):
 garbage-first heap   total 342016K, used 190912K [0x0000000080000000, 0x0000000100000000)
  region size 1024K, 4 young (4096K), 4 survivors (4096K)
 Metaspace       used 126655K, capacity 130597K, committed 130768K, reserved 630784K
  class space    used 16282K, capacity 17769K, committed 17792K, reserved 516096K
}
Event: 74.496 GC heap before
{Heap before GC invocations=95 (full 0):
 garbage-first heap   total 342016K, used 264640K [0x0000000080000000, 0x0000000100000000)
  region size 1024K, 76 young (77824K), 4 survivors (4096K)
 Metaspace       used 128235K, capacity 132283K, committed 132560K, reserved 630784K
  class space    used 16476K, capacity 17959K, committed 18048K, reserved 516096K
}
Event: 74.551 GC heap after
{Heap after GC invocations=96 (full 0):
 garbage-first heap   total 342016K, used 192499K [0x0000000080000000, 0x0000000100000000)
  region size 1024K, 6 young (6144K), 6 survivors (6144K)
 Metaspace       used 128235K, capacity 132283K, committed 132560K, reserved 630784K
  class space    used 16476K, capacity 17959K, committed 18048K, reserved 516096K
}
Event: 76.898 GC heap before
{Heap before GC invocations=97 (full 0):
 garbage-first heap   total 342016K, used 272371K [0x0000000080000000, 0x0000000100000000)
  region size 1024K, 84 young (86016K), 6 survivors (6144K)
 Metaspace       used 128467K, capacity 132490K, committed 132560K, reserved 630784K
  class space    used 16494K, capacity 17982K, committed 18048K, reserved 516096K
}
Event: 76.922 GC heap after
{Heap after GC invocations=98 (full 0):
 garbage-first heap   total 342016K, used 192999K [0x0000000080000000, 0x0000000100000000)
  region size 1024K, 6 young (6144K), 6 survivors (6144K)
 Metaspace       used 128467K, capacity 132490K, committed 132560K, reserved 630784K
  class space    used 16494K, capacity 17982K, committed 18048K, reserved 516096K
}
Event: 77.903 GC heap before
{Heap before GC invocations=98 (full 0):
 garbage-first heap   total 342016K, used 284135K [0x0000000080000000, 0x0000000100000000)
  region size 1024K, 95 young (97280K), 6 survivors (6144K)
 Metaspace       used 128598K, capacity 132645K, committed 132816K, reserved 632832K
  class space    used 16497K, capacity 17986K, committed 18048K, reserved 516096K
}
Event: 77.928 GC heap after
{Heap after GC invocations=99 (full 0):
 garbage-first heap   total 342016K, used 193827K [0x0000000080000000, 0x0000000100000000)
  region size 1024K, 7 young (7168K), 7 survivors (7168K)
 Metaspace       used 128598K, capacity 132645K, committed 132816K, reserved 632832K
  class space    used 16497K, capacity 17986K, committed 18048K, reserved 516096K
}

