# JRE version: OpenJDK Runtime Environment (11.0.13) (build 11.0.13+0-b1751.21-8125866)
# Java VM: OpenJDK 64-Bit Server VM (11.0.13+0-b1751.21-8125866, mixed mode, tiered, compressed oops, g1 gc, windows-amd64)
Heap:
 garbage-first heap   total 63488K, used 33682K [0x0000000080000000, 0x0000000100000000)
  region size 1024K, 13 young (13312K), 4 survivors (4096K)
 Metaspace       used 38015K, capacity 38951K, committed 39120K, reserved 550912K
  class space    used 4848K, capacity 5211K, committed 5248K, reserved 516096K
GC Heap History (20 events):
Event: 6.409 GC heap before
{Heap before GC invocations=1 (full 0):
 garbage-first heap   total 63488K, used 41684K [0x0000000080000000, 0x0000000100000000)
  region size 1024K, 37 young (37888K), 2 survivors (2048K)
 Metaspace       used 10861K, capacity 11085K, committed 11264K, reserved 526336K
  class space    used 1114K, capacity 1207K, committed 1280K, reserved 516096K
}
Event: 6.420 GC heap after
{Heap after GC invocations=2 (full 0):
 garbage-first heap   total 63488K, used 9699K [0x0000000080000000, 0x0000000100000000)
  region size 1024K, 5 young (5120K), 5 survivors (5120K)
 Metaspace       used 10861K, capacity 11085K, committed 11264K, reserved 526336K
  class space    used 1114K, capacity 1207K, committed 1280K, reserved 516096K
}
Event: 7.826 GC heap before
{Heap before GC invocations=2 (full 0):
 garbage-first heap   total 63488K, used 41443K [0x0000000080000000, 0x0000000100000000)
  region size 1024K, 36 young (36864K), 5 survivors (5120K)
 Metaspace       used 12966K, capacity 13276K, committed 13568K, reserved 528384K
  class space    used 1388K, capacity 1490K, committed 1536K, reserved 516096K
}
Event: 7.841 GC heap after
{Heap after GC invocations=3 (full 0):
 garbage-first heap   total 63488K, used 14861K [0x0000000080000000, 0x0000000100000000)
  region size 1024K, 5 young (5120K), 5 survivors (5120K)
 Metaspace       used 12966K, capacity 13276K, committed 13568K, reserved 528384K
  class space    used 1388K, capacity 1490K, committed 1536K, reserved 516096K
}
Event: 12.562 GC heap before
{Heap before GC invocations=3 (full 0):
 garbage-first heap   total 63488K, used 42509K [0x0000000080000000, 0x0000000100000000)
  region size 1024K, 32 young (32768K), 5 survivors (5120K)
 Metaspace       used 18875K, capacity 19261K, committed 19584K, reserved 534528K
  class space    used 2200K, capacity 2317K, committed 2432K, reserved 516096K
}
Event: 12.616 GC heap after
{Heap after GC invocations=4 (full 0):
 garbage-first heap   total 63488K, used 16899K [0x0000000080000000, 0x0000000100000000)
  region size 1024K, 2 young (2048K), 2 survivors (2048K)
 Metaspace       used 18875K, capacity 19261K, committed 19584K, reserved 534528K
  class space    used 2200K, capacity 2317K, committed 2432K, reserved 516096K
}
Event: 13.553 GC heap before
{Heap before GC invocations=4 (full 0):
 garbage-first heap   total 63488K, used 32259K [0x0000000080000000, 0x0000000100000000)
  region size 1024K, 18 young (18432K), 2 survivors (2048K)
 Metaspace       used 20753K, capacity 21140K, committed 21296K, reserved 536576K
  class space    used 2479K, capacity 2627K, committed 2688K, reserved 516096K
}
Event: 13.559 GC heap after
{Heap after GC invocations=5 (full 0):
 garbage-first heap   total 63488K, used 17533K [0x0000000080000000, 0x0000000100000000)
  region size 1024K, 3 young (3072K), 3 survivors (3072K)
 Metaspace       used 20753K, capacity 21140K, committed 21296K, reserved 536576K
  class space    used 2479K, capacity 2627K, committed 2688K, reserved 516096K
}
Event: 14.797 GC heap before
{Heap before GC invocations=6 (full 0):
 garbage-first heap   total 63488K, used 43133K [0x0000000080000000, 0x0000000100000000)
  region size 1024K, 28 young (28672K), 3 survivors (3072K)
 Metaspace       used 23075K, capacity 23616K, committed 23728K, reserved 538624K
  class space    used 2877K, capacity 3071K, committed 3072K, reserved 516096K
}
Event: 14.805 GC heap after
{Heap after GC invocations=7 (full 0):
 garbage-first heap   total 63488K, used 18293K [0x0000000080000000, 0x0000000100000000)
  region size 1024K, 2 young (2048K), 2 survivors (2048K)
 Metaspace       used 23075K, capacity 23616K, committed 23728K, reserved 538624K
  class space    used 2877K, capacity 3071K, committed 3072K, reserved 516096K
}
Event: 16.196 GC heap before
{Heap before GC invocations=7 (full 0):
 garbage-first heap   total 63488K, used 43893K [0x0000000080000000, 0x0000000100000000)
  region size 1024K, 27 young (27648K), 2 survivors (2048K)
 Metaspace       used 26043K, capacity 26587K, committed 26800K, reserved 540672K
  class space    used 3345K, capacity 3554K, committed 3584K, reserved 516096K
}
Event: 16.202 GC heap after
{Heap after GC invocations=8 (full 0):
 garbage-first heap   total 63488K, used 19452K [0x0000000080000000, 0x0000000100000000)
  region size 1024K, 3 young (3072K), 3 survivors (3072K)
 Metaspace       used 26043K, capacity 26587K, committed 26800K, reserved 540672K
  class space    used 3345K, capacity 3554K, committed 3584K, reserved 516096K
}
Event: 17.184 GC heap before
{Heap before GC invocations=8 (full 0):
 garbage-first heap   total 63488K, used 44028K [0x0000000080000000, 0x0000000100000000)
  region size 1024K, 28 young (28672K), 3 survivors (3072K)
 Metaspace       used 28231K, capacity 28818K, committed 28976K, reserved 542720K
  class space    used 3684K, capacity 3920K, committed 3968K, reserved 516096K
}
Event: 17.191 GC heap after
{Heap after GC invocations=9 (full 0):
 garbage-first heap   total 63488K, used 20141K [0x0000000080000000, 0x0000000100000000)
  region size 1024K, 3 young (3072K), 3 survivors (3072K)
 Metaspace       used 28231K, capacity 28818K, committed 28976K, reserved 542720K
  class space    used 3684K, capacity 3920K, committed 3968K, reserved 516096K
}
Event: 18.354 GC heap before
{Heap before GC invocations=9 (full 0):
 garbage-first heap   total 63488K, used 46765K [0x0000000080000000, 0x0000000100000000)
  region size 1024K, 29 young (29696K), 3 survivors (3072K)
 Metaspace       used 30670K, capacity 31344K, committed 31536K, reserved 544768K
  class space    used 4071K, capacity 4358K, committed 4480K, reserved 516096K
}
Event: 18.361 GC heap after
{Heap after GC invocations=10 (full 0):
 garbage-first heap   total 63488K, used 20894K [0x0000000080000000, 0x0000000100000000)
  region size 1024K, 3 young (3072K), 3 survivors (3072K)
 Metaspace       used 30670K, capacity 31344K, committed 31536K, reserved 544768K
  class space    used 4071K, capacity 4358K, committed 4480K, reserved 516096K
}
Event: 19.993 GC heap before
{Heap before GC invocations=10 (full 0):
 garbage-first heap   total 63488K, used 34206K [0x0000000080000000, 0x0000000100000000)
  region size 1024K, 18 young (18432K), 3 survivors (3072K)
 Metaspace       used 35044K, capacity 35811K, committed 35920K, reserved 548864K
  class space    used 4492K, capacity 4825K, committed 4864K, reserved 516096K
}
Event: 20.010 GC heap after
{Heap after GC invocations=11 (full 0):
 garbage-first heap   total 63488K, used 22818K [0x0000000080000000, 0x0000000100000000)
  region size 1024K, 4 young (4096K), 4 survivors (4096K)
 Metaspace       used 35044K, capacity 35811K, committed 35920K, reserved 548864K
  class space    used 4492K, capacity 4825K, committed 4864K, reserved 516096K
}
Event: 21.263 GC heap before
{Heap before GC invocations=12 (full 0):
 garbage-first heap   total 63488K, used 45346K [0x0000000080000000, 0x0000000100000000)
  region size 1024K, 27 young (27648K), 4 survivors (4096K)
 Metaspace       used 37259K, capacity 38174K, committed 38224K, reserved 550912K
  class space    used 4740K, capacity 5101K, committed 5120K, reserved 516096K
}
Event: 21.282 GC heap after
{Heap after GC invocations=13 (full 0):
 garbage-first heap   total 63488K, used 25490K [0x0000000080000000, 0x0000000100000000)
  region size 1024K, 4 young (4096K), 4 survivors (4096K)
 Metaspace       used 37259K, capacity 38174K, committed 38224K, reserved 550912K
  class space    used 4740K, capacity 5101K, committed 5120K, reserved 516096K
}

